# JRE version: OpenJDK Runtime Environment (11.0.10) (build 11.0.10+0-b96-7249189)
# Java VM: OpenJDK 64-Bit Server VM (11.0.10+0-b96-7249189, mixed mode, tiered, compressed oops, g1 gc, windows-amd64)
Heap:
 garbage-first heap   total 262144K, used 156188K [0x0000000080000000, 0x0000000100000000)
  region size 1024K, 85 young (87040K), 18 survivors (18432K)
 Metaspace       used 114024K, capacity 117468K, committed 117708K, reserved 1150976K
  class space    used 14697K, capacity 16017K, committed 16076K, reserved 1048576K
GC Heap History (20 events):
Event: 2.339 GC heap before
{Heap before GC invocations=4 (full 0):
 garbage-first heap   total 262144K, used 66942K [0x0000000080000000, 0x0000000100000000)
  region size 1024K, 52 young (53248K), 3 survivors (3072K)
 Metaspace       used 35038K, capacity 35830K, committed 35840K, reserved 1081344K
  class space    used 4541K, capacity 4864K, committed 4864K, reserved 1048576K
}
Event: 2.344 GC heap after
{Heap after GC invocations=5 (full 0):
 garbage-first heap   total 262144K, used 21921K [0x0000000080000000, 0x0000000100000000)
  region size 1024K, 6 young (6144K), 6 survivors (6144K)
 Metaspace       used 35038K, capacity 35830K, committed 35840K, reserved 1081344K
  class space    used 4541K, capacity 4864K, committed 4864K, reserved 1048576K
}
Event: 3.016 GC heap before
{Heap before GC invocations=6 (full 0):
 garbage-first heap   total 262144K, used 135585K [0x0000000080000000, 0x0000000100000000)
  region size 1024K, 114 young (116736K), 6 survivors (6144K)
 Metaspace       used 43866K, capacity 44869K, committed 45004K, reserved 1087488K
  class space    used 5630K, capacity 5970K, committed 6092K, reserved 1048576K
}
Event: 3.022 GC heap after
{Heap after GC invocations=7 (full 0):
 garbage-first heap   total 262144K, used 28191K [0x0000000080000000, 0x0000000100000000)
  region size 1024K, 12 young (12288K), 12 survivors (12288K)
 Metaspace       used 43866K, capacity 44869K, committed 45004K, reserved 1087488K
  class space    used 5630K, capacity 5970K, committed 6092K, reserved 1048576K
}
Event: 4.235 GC heap before
{Heap before GC invocations=7 (full 0):
 garbage-first heap   total 262144K, used 164383K [0x0000000080000000, 0x0000000100000000)
  region size 1024K, 141 young (144384K), 12 survivors (12288K)
 Metaspace       used 56249K, capacity 57638K, committed 57932K, reserved 1099776K
  class space    used 7153K, capacity 7646K, committed 7756K, reserved 1048576K
}
Event: 4.244 GC heap after
{Heap after GC invocations=8 (full 0):
 garbage-first heap   total 262144K, used 43595K [0x0000000080000000, 0x0000000100000000)
  region size 1024K, 18 young (18432K), 18 survivors (18432K)
 Metaspace       used 56249K, capacity 57638K, committed 57932K, reserved 1099776K
  class space    used 7153K, capacity 7646K, committed 7756K, reserved 1048576K
}
Event: 4.362 GC heap before
{Heap before GC invocations=8 (full 0):
 garbage-first heap   total 262144K, used 54859K [0x0000000080000000, 0x0000000100000000)
  region size 1024K, 30 young (30720K), 18 survivors (18432K)
 Metaspace       used 58630K, capacity 60135K, committed 60236K, reserved 1101824K
  class space    used 7445K, capacity 7988K, committed 8012K, reserved 1048576K
}
Event: 4.374 GC heap after
{Heap after GC invocations=9 (full 0):
 garbage-first heap   total 262144K, used 45335K [0x0000000080000000, 0x0000000100000000)
  region size 1024K, 3 young (3072K), 3 survivors (3072K)
 Metaspace       used 58630K, capacity 60135K, committed 60236K, reserved 1101824K
  class space    used 7445K, capacity 7988K, committed 8012K, reserved 1048576K
}
Event: 5.334 GC heap before
{Heap before GC invocations=10 (full 0):
 garbage-first heap   total 262144K, used 186647K [0x0000000080000000, 0x0000000100000000)
  region size 1024K, 141 young (144384K), 3 survivors (3072K)
 Metaspace       used 71202K, capacity 72976K, committed 73164K, reserved 1112064K
  class space    used 9296K, capacity 9920K, committed 9932K, reserved 1048576K
}
Event: 5.347 GC heap after
{Heap after GC invocations=11 (full 0):
 garbage-first heap   total 262144K, used 53486K [0x0000000080000000, 0x0000000100000000)
  region size 1024K, 11 young (11264K), 11 survivors (11264K)
 Metaspace       used 71202K, capacity 72976K, committed 73164K, reserved 1112064K
  class space    used 9296K, capacity 9920K, committed 9932K, reserved 1048576K
}
Event: 6.378 GC heap before
{Heap before GC invocations=12 (full 0):
 garbage-first heap   total 262144K, used 191726K [0x0000000080000000, 0x0000000100000000)
  region size 1024K, 145 young (148480K), 11 survivors (11264K)
 Metaspace       used 80175K, capacity 82292K, committed 82508K, reserved 1120256K
  class space    used 10485K, capacity 11250K, committed 11340K, reserved 1048576K
}
Event: 6.392 GC heap after
{Heap after GC invocations=13 (full 0):
 garbage-first heap   total 262144K, used 69040K [0x0000000080000000, 0x0000000100000000)
  region size 1024K, 16 young (16384K), 16 survivors (16384K)
 Metaspace       used 80175K, capacity 82292K, committed 82508K, reserved 1120256K
  class space    used 10485K, capacity 11250K, committed 11340K, reserved 1048576K
}
Event: 7.146 GC heap before
{Heap before GC invocations=13 (full 0):
 garbage-first heap   total 262144K, used 217520K [0x0000000080000000, 0x0000000100000000)
  region size 1024K, 139 young (142336K), 16 survivors (16384K)
 Metaspace       used 84509K, capacity 86663K, committed 86732K, reserved 1124352K
  class space    used 10868K, capacity 11678K, committed 11724K, reserved 1048576K
}
Event: 7.154 GC heap after
{Heap after GC invocations=14 (full 0):
 garbage-first heap   total 262144K, used 67915K [0x0000000080000000, 0x0000000100000000)
  region size 1024K, 6 young (6144K), 6 survivors (6144K)
 Metaspace       used 84509K, capacity 86663K, committed 86732K, reserved 1124352K
  class space    used 10868K, capacity 11678K, committed 11724K, reserved 1048576K
}
Event: 7.755 GC heap before
{Heap before GC invocations=14 (full 0):
 garbage-first heap   total 262144K, used 200011K [0x0000000080000000, 0x0000000100000000)
  region size 1024K, 136 young (139264K), 6 survivors (6144K)
 Metaspace       used 90999K, capacity 93237K, committed 93388K, reserved 1130496K
  class space    used 11554K, capacity 12377K, committed 12492K, reserved 1048576K
}
Event: 7.760 GC heap after
{Heap after GC invocations=15 (full 0):
 garbage-first heap   total 262144K, used 69380K [0x0000000080000000, 0x0000000100000000)
  region size 1024K, 7 young (7168K), 7 survivors (7168K)
 Metaspace       used 90999K, capacity 93237K, committed 93388K, reserved 1130496K
  class space    used 11554K, capacity 12377K, committed 12492K, reserved 1048576K
}
Event: 9.931 GC heap before
{Heap before GC invocations=15 (full 0):
 garbage-first heap   total 262144K, used 203524K [0x0000000080000000, 0x0000000100000000)
  region size 1024K, 139 young (142336K), 7 survivors (7168K)
 Metaspace       used 94905K, capacity 97216K, committed 97356K, reserved 1134592K
  class space    used 11980K, capacity 12826K, committed 12876K, reserved 1048576K
}
Event: 9.938 GC heap after
{Heap after GC invocations=16 (full 0):
 garbage-first heap   total 262144K, used 77092K [0x0000000080000000, 0x0000000100000000)
  region size 1024K, 15 young (15360K), 15 survivors (15360K)
 Metaspace       used 94905K, capacity 97216K, committed 97356K, reserved 1134592K
  class space    used 11980K, capacity 12826K, committed 12876K, reserved 1048576K
}
Event: 11.202 GC heap before
{Heap before GC invocations=16 (full 0):
 garbage-first heap   total 262144K, used 211236K [0x0000000080000000, 0x0000000100000000)
  region size 1024K, 141 young (144384K), 15 survivors (15360K)
 Metaspace       used 107368K, capacity 110148K, committed 110412K, reserved 1144832K
  class space    used 13585K, capacity 14597K, committed 14668K, reserved 1048576K
}
Event: 11.214 GC heap after
{Heap after GC invocations=17 (full 0):
 garbage-first heap   total 262144K, used 89628K [0x0000000080000000, 0x0000000100000000)
  region size 1024K, 18 young (18432K), 18 survivors (18432K)
 Metaspace       used 107368K, capacity 110148K, committed 110412K, reserved 1144832K
  class space    used 13585K, capacity 14597K, committed 14668K, reserved 1048576K
}

