# JRE version: OpenJDK Runtime Environment (11.0.10) (build 11.0.10+0-b96-7249189)
# Java VM: OpenJDK 64-Bit Server VM (11.0.10+0-b96-7249189, mixed mode, tiered, compressed oops, g1 gc, windows-amd64)
Heap:
 garbage-first heap   total 262144K, used 130283K [0x0000000080000000, 0x0000000100000000)
  region size 1024K, 87 young (89088K), 3 survivors (3072K)
 Metaspace       used 64742K, capacity 66319K, committed 66508K, reserved 1107968K
  class space    used 8259K, capacity 8821K, committed 8908K, reserved 1048576K
GC Heap History (14 events):
Event: 0.420 GC heap before
{Heap before GC invocations=0 (full 0):
 garbage-first heap   total 262144K, used 29696K [0x0000000080000000, 0x0000000100000000)
  region size 1024K, 24 young (24576K), 0 survivors (0K)
 Metaspace       used 10213K, capacity 10429K, committed 10624K, reserved 1058816K
  class space    used 1064K, capacity 1139K, committed 1152K, reserved 1048576K
}
Event: 0.422 GC heap after
{Heap after GC invocations=1 (full 0):
 garbage-first heap   total 262144K, used 9244K [0x0000000080000000, 0x0000000100000000)
  region size 1024K, 3 young (3072K), 3 survivors (3072K)
 Metaspace       used 10213K, capacity 10429K, committed 10624K, reserved 1058816K
  class space    used 1064K, capacity 1139K, committed 1152K, reserved 1048576K
}
Event: 1.513 GC heap before
{Heap before GC invocations=1 (full 0):
 garbage-first heap   total 262144K, used 104476K [0x0000000080000000, 0x0000000100000000)
  region size 1024K, 97 young (99328K), 3 survivors (3072K)
 Metaspace       used 20531K, capacity 21096K, committed 21248K, reserved 1067008K
  class space    used 2502K, capacity 2690K, committed 2816K, reserved 1048576K
}
Event: 1.519 GC heap after
{Heap after GC invocations=2 (full 0):
 garbage-first heap   total 262144K, used 16335K [0x0000000080000000, 0x0000000100000000)
  region size 1024K, 10 young (10240K), 10 survivors (10240K)
 Metaspace       used 20531K, capacity 21096K, committed 21248K, reserved 1067008K
  class space    used 2502K, capacity 2690K, committed 2816K, reserved 1048576K
}
Event: 1.936 GC heap before
{Heap before GC invocations=3 (full 0):
 garbage-first heap   total 262144K, used 82895K [0x0000000080000000, 0x0000000100000000)
  region size 1024K, 76 young (77824K), 10 survivors (10240K)
 Metaspace       used 26862K, capacity 27583K, committed 27648K, reserved 1073152K
  class space    used 3544K, capacity 3795K, committed 3840K, reserved 1048576K
}
Event: 1.940 GC heap after
{Heap after GC invocations=4 (full 0):
 garbage-first heap   total 262144K, used 18930K [0x0000000080000000, 0x0000000100000000)
  region size 1024K, 3 young (3072K), 3 survivors (3072K)
 Metaspace       used 26862K, capacity 27583K, committed 27648K, reserved 1073152K
  class space    used 3544K, capacity 3795K, committed 3840K, reserved 1048576K
}
Event: 2.335 GC heap before
{Heap before GC invocations=4 (full 0):
 garbage-first heap   total 262144K, used 60914K [0x0000000080000000, 0x0000000100000000)
  region size 1024K, 46 young (47104K), 3 survivors (3072K)
 Metaspace       used 35045K, capacity 35830K, committed 35840K, reserved 1081344K
  class space    used 4543K, capacity 4864K, committed 4864K, reserved 1048576K
}
Event: 2.340 GC heap after
{Heap after GC invocations=5 (full 0):
 garbage-first heap   total 262144K, used 21804K [0x0000000080000000, 0x0000000100000000)
  region size 1024K, 6 young (6144K), 6 survivors (6144K)
 Metaspace       used 35045K, capacity 35830K, committed 35840K, reserved 1081344K
  class space    used 4543K, capacity 4864K, committed 4864K, reserved 1048576K
}
Event: 2.996 GC heap before
{Heap before GC invocations=6 (full 0):
 garbage-first heap   total 262144K, used 134444K [0x0000000080000000, 0x0000000100000000)
  region size 1024K, 113 young (115712K), 6 survivors (6144K)
 Metaspace       used 43841K, capacity 44901K, committed 45004K, reserved 1087488K
  class space    used 5623K, capacity 6002K, committed 6092K, reserved 1048576K
}
Event: 3.002 GC heap after
{Heap after GC invocations=7 (full 0):
 garbage-first heap   total 262144K, used 28293K [0x0000000080000000, 0x0000000100000000)
  region size 1024K, 12 young (12288K), 12 survivors (12288K)
 Metaspace       used 43841K, capacity 44901K, committed 45004K, reserved 1087488K
  class space    used 5623K, capacity 6002K, committed 6092K, reserved 1048576K
}
Event: 4.219 GC heap before
{Heap before GC invocations=7 (full 0):
 garbage-first heap   total 262144K, used 164485K [0x0000000080000000, 0x0000000100000000)
  region size 1024K, 142 young (145408K), 12 survivors (12288K)
 Metaspace       used 56268K, capacity 57631K, committed 57932K, reserved 1099776K
  class space    used 7159K, capacity 7646K, committed 7756K, reserved 1048576K
}
Event: 4.230 GC heap after
{Heap after GC invocations=8 (full 0):
 garbage-first heap   total 262144K, used 42858K [0x0000000080000000, 0x0000000100000000)
  region size 1024K, 17 young (17408K), 17 survivors (17408K)
 Metaspace       used 56268K, capacity 57631K, committed 57932K, reserved 1099776K
  class space    used 7159K, capacity 7646K, committed 7756K, reserved 1048576K
}
Event: 4.343 GC heap before
{Heap before GC invocations=8 (full 0):
 garbage-first heap   total 262144K, used 54122K [0x0000000080000000, 0x0000000100000000)
  region size 1024K, 29 young (29696K), 17 survivors (17408K)
 Metaspace       used 58613K, capacity 60064K, committed 60236K, reserved 1101824K
  class space    used 7445K, capacity 7988K, committed 8012K, reserved 1048576K
}
Event: 4.354 GC heap after
{Heap after GC invocations=9 (full 0):
 garbage-first heap   total 262144K, used 45291K [0x0000000080000000, 0x0000000100000000)
  region size 1024K, 3 young (3072K), 3 survivors (3072K)
 Metaspace       used 58613K, capacity 60064K, committed 60236K, reserved 1101824K
  class space    used 7445K, capacity 7988K, committed 8012K, reserved 1048576K
}

