# JRE version: OpenJDK Runtime Environment (11.0.10) (build 11.0.10+0-b96-7249189)
# Java VM: OpenJDK 64-Bit Server VM (11.0.10+0-b96-7249189, mixed mode, tiered, compressed oops, g1 gc, windows-amd64)
Heap:
 garbage-first heap   total 262144K, used 152583K [0x0000000080000000, 0x0000000100000000)
  region size 1024K, 31 young (31744K), 3 survivors (3072K)
 Metaspace       used 143770K, capacity 148262K, committed 149368K, reserved 1179648K
  class space    used 17729K, capacity 19377K, committed 19916K, reserved 1048576K
GC Heap History (20 events):
Event: 11644.738 GC heap before
{Heap before GC invocations=113 (full 0):
 garbage-first heap   total 262144K, used 117374K [0x0000000080000000, 0x0000000100000000)
  region size 1024K, 6 young (6144K), 1 survivors (1024K)
 Metaspace       used 143633K, capacity 148297K, committed 149112K, reserved 1179648K
  class space    used 17768K, capacity 19452K, committed 19916K, reserved 1048576K
}
Event: 11644.741 GC heap after
{Heap after GC invocations=114 (full 0):
 garbage-first heap   total 262144K, used 113310K [0x0000000080000000, 0x0000000100000000)
  region size 1024K, 1 young (1024K), 1 survivors (1024K)
 Metaspace       used 143633K, capacity 148297K, committed 149112K, reserved 1179648K
  class space    used 17768K, capacity 19452K, committed 19916K, reserved 1048576K
}
Event: 16048.806 GC heap before
{Heap before GC invocations=115 (full 0):
 garbage-first heap   total 262144K, used 226974K [0x0000000080000000, 0x0000000100000000)
  region size 1024K, 103 young (105472K), 1 survivors (1024K)
 Metaspace       used 143644K, capacity 148361K, committed 149112K, reserved 1179648K
  class space    used 17768K, capacity 19452K, committed 19916K, reserved 1048576K
}
Event: 16048.813 GC heap after
{Heap after GC invocations=116 (full 0):
 garbage-first heap   total 262144K, used 113079K [0x0000000080000000, 0x0000000100000000)
  region size 1024K, 1 young (1024K), 1 survivors (1024K)
 Metaspace       used 143644K, capacity 148361K, committed 149112K, reserved 1179648K
  class space    used 17768K, capacity 19452K, committed 19916K, reserved 1048576K
}
Event: 16541.273 GC heap before
{Heap before GC invocations=116 (full 0):
 garbage-first heap   total 262144K, used 124343K [0x0000000080000000, 0x0000000100000000)
  region size 1024K, 12 young (12288K), 1 survivors (1024K)
 Metaspace       used 143644K, capacity 148361K, committed 149112K, reserved 1179648K
  class space    used 17768K, capacity 19452K, committed 19916K, reserved 1048576K
}
Event: 16541.285 GC heap after
{Heap after GC invocations=117 (full 0):
 garbage-first heap   total 262144K, used 108988K [0x0000000080000000, 0x0000000100000000)
  region size 1024K, 1 young (1024K), 1 survivors (1024K)
 Metaspace       used 143644K, capacity 148361K, committed 149112K, reserved 1179648K
  class space    used 17768K, capacity 19452K, committed 19916K, reserved 1048576K
}
Event: 20484.481 GC heap before
{Heap before GC invocations=117 (full 0):
 garbage-first heap   total 262144K, used 218556K [0x0000000080000000, 0x0000000100000000)
  region size 1024K, 109 young (111616K), 1 survivors (1024K)
 Metaspace       used 143663K, capacity 148362K, committed 149112K, reserved 1179648K
  class space    used 17769K, capacity 19452K, committed 19916K, reserved 1048576K
}
Event: 20484.488 GC heap after
{Heap after GC invocations=118 (full 0):
 garbage-first heap   total 262144K, used 111759K [0x0000000080000000, 0x0000000100000000)
  region size 1024K, 3 young (3072K), 3 survivors (3072K)
 Metaspace       used 143663K, capacity 148362K, committed 149112K, reserved 1179648K
  class space    used 17769K, capacity 19452K, committed 19916K, reserved 1048576K
}
Event: 20485.778 GC heap before
{Heap before GC invocations=119 (full 0):
 garbage-first heap   total 262144K, used 243855K [0x0000000080000000, 0x0000000100000000)
  region size 1024K, 110 young (112640K), 3 survivors (3072K)
 Metaspace       used 143470K, capacity 147977K, committed 149368K, reserved 1179648K
  class space    used 17717K, capacity 19354K, committed 19916K, reserved 1048576K
}
Event: 20485.786 GC heap after
{Heap after GC invocations=120 (full 0):
 garbage-first heap   total 262144K, used 118820K [0x0000000080000000, 0x0000000100000000)
  region size 1024K, 10 young (10240K), 10 survivors (10240K)
 Metaspace       used 143470K, capacity 147977K, committed 149368K, reserved 1179648K
  class space    used 17717K, capacity 19354K, committed 19916K, reserved 1048576K
}
Event: 20485.788 GC heap before
{Heap before GC invocations=120 (full 0):
 garbage-first heap   total 262144K, used 119844K [0x0000000080000000, 0x0000000100000000)
  region size 1024K, 12 young (12288K), 10 survivors (10240K)
 Metaspace       used 143470K, capacity 147977K, committed 149368K, reserved 1179648K
  class space    used 17717K, capacity 19354K, committed 19916K, reserved 1048576K
}
Event: 20485.800 GC heap after
{Heap after GC invocations=121 (full 0):
 garbage-first heap   total 262144K, used 113804K [0x0000000080000000, 0x0000000100000000)
  region size 1024K, 1 young (1024K), 1 survivors (1024K)
 Metaspace       used 143470K, capacity 147977K, committed 149368K, reserved 1179648K
  class space    used 17717K, capacity 19354K, committed 19916K, reserved 1048576K
}
Event: 20485.955 GC heap before
{Heap before GC invocations=121 (full 0):
 garbage-first heap   total 262144K, used 150668K [0x0000000080000000, 0x0000000100000000)
  region size 1024K, 38 young (38912K), 1 survivors (1024K)
 Metaspace       used 143512K, capacity 147977K, committed 149368K, reserved 1179648K
  class space    used 17717K, capacity 19354K, committed 19916K, reserved 1048576K
}
Event: 20485.962 GC heap after
{Heap after GC invocations=122 (full 0):
 garbage-first heap   total 262144K, used 114810K [0x0000000080000000, 0x0000000100000000)
  region size 1024K, 2 young (2048K), 2 survivors (2048K)
 Metaspace       used 143512K, capacity 147977K, committed 149368K, reserved 1179648K
  class space    used 17717K, capacity 19354K, committed 19916K, reserved 1048576K
}
Event: 20486.323 GC heap before
{Heap before GC invocations=123 (full 0):
 garbage-first heap   total 262144K, used 226426K [0x0000000080000000, 0x0000000100000000)
  region size 1024K, 106 young (108544K), 2 survivors (2048K)
 Metaspace       used 143710K, capacity 148148K, committed 149368K, reserved 1179648K
  class space    used 17725K, capacity 19369K, committed 19916K, reserved 1048576K
}
Event: 20486.328 GC heap after
{Heap after GC invocations=124 (full 0):
 garbage-first heap   total 262144K, used 126014K [0x0000000080000000, 0x0000000100000000)
  region size 1024K, 11 young (11264K), 11 survivors (11264K)
 Metaspace       used 143710K, capacity 148148K, committed 149368K, reserved 1179648K
  class space    used 17725K, capacity 19369K, committed 19916K, reserved 1048576K
}
Event: 20486.329 GC heap before
{Heap before GC invocations=124 (full 0):
 garbage-first heap   total 262144K, used 126014K [0x0000000080000000, 0x0000000100000000)
  region size 1024K, 12 young (12288K), 11 survivors (11264K)
 Metaspace       used 143710K, capacity 148148K, committed 149368K, reserved 1179648K
  class space    used 17725K, capacity 19369K, committed 19916K, reserved 1048576K
}
Event: 20486.335 GC heap after
{Heap after GC invocations=125 (full 0):
 garbage-first heap   total 262144K, used 119190K [0x0000000080000000, 0x0000000100000000)
  region size 1024K, 2 young (2048K), 2 survivors (2048K)
 Metaspace       used 143710K, capacity 148148K, committed 149368K, reserved 1179648K
  class space    used 17725K, capacity 19369K, committed 19916K, reserved 1048576K
}
Event: 20486.388 GC heap before
{Heap before GC invocations=125 (full 0):
 garbage-first heap   total 262144K, used 135574K [0x0000000080000000, 0x0000000100000000)
  region size 1024K, 20 young (20480K), 2 survivors (2048K)
 Metaspace       used 143710K, capacity 148148K, committed 149368K, reserved 1179648K
  class space    used 17725K, capacity 19369K, committed 19916K, reserved 1048576K
}
Event: 20486.391 GC heap after
{Heap after GC invocations=126 (full 0):
 garbage-first heap   total 262144K, used 120839K [0x0000000080000000, 0x0000000100000000)
  region size 1024K, 3 young (3072K), 3 survivors (3072K)
 Metaspace       used 143710K, capacity 148148K, committed 149368K, reserved 1179648K
  class space    used 17725K, capacity 19369K, committed 19916K, reserved 1048576K
}

